<?xml version="1.0" encoding="UTF-8"?>
<!-- Generated by org.testng.reporters.JUnitReportReporter -->
<testsuite hostname="DESKTOP-UUJJJN0" failures="0" tests="2" name="lab.lab9TestNgAssig" time="19.326" errors="0" timestamp="2024-12-09T01:05:44 EST" skipped="0">
  <testcase classname="lab.lab9TestNgAssig" name="handleC0nfirm" time="9.136"/>
  <testcase classname="lab.lab9TestNgAssig" name="handleConfirm" time="10.190"/>
</testsuite> <!-- lab.lab9TestNgAssig -->
