<?xml version="1.0" encoding="UTF-8"?>
<!-- Generated by org.testng.reporters.JUnitReportReporter -->
<testsuite hostname="DESKTOP-UUJJJN0" failures="0" tests="6" name="lab5.Lab7" time="0.079" errors="0" timestamp="2024-12-09T16:40:27 EST" skipped="0">
  <testcase classname="lab5.Lab7" name="showmessage3" time="0.004"/>
  <testcase classname="lab5.Lab7" name="showmessage4" time="0.014"/>
  <testcase classname="lab5.Lab7" name="showmessage" time="0.042"/>
  <testcase classname="lab5.Lab7" name="showmessage5" time="0.005"/>
  <testcase classname="lab5.Lab7" name="showmessage2" time="0.008"/>
  <testcase classname="lab5.Lab7" name="showmessage1" time="0.006"/>
</testsuite> <!-- lab5.Lab7 -->
