<?xml version="1.0" encoding="UTF-8"?>
<!-- Generated by org.testng.reporters.JUnitReportReporter -->
<testsuite hostname="DESKTOP-UUJJJN0" failures="0" tests="2" name="lab.lab9TestNgAssig" time="20.596" errors="0" timestamp="2024-12-09T00:08:50 EST" skipped="0">
  <testcase classname="lab.lab9TestNgAssig" name="handleAlert" time="10.473"/>
  <testcase classname="lab.lab9TestNgAssig" name="handleConfirm" time="10.123"/>
</testsuite> <!-- lab.lab9TestNgAssig -->
