<?xml version="1.0" encoding="UTF-8"?>
<!-- Generated by org.testng.reporters.JUnitReportReporter -->
<testsuite hostname="DESKTOP-UUJJJN0" failures="0" tests="1" name="lab5.Lab8TestNG" time="9.659" errors="0" timestamp="2024-12-10T16:13:50 EST" skipped="0">
  <testcase classname="lab5.Lab8TestNG" name="handleAlert" time="9.659"/>
</testsuite> <!-- lab5.Lab8TestNG -->
