<?xml version="1.0" encoding="UTF-8"?>
<!-- Generated by org.testng.reporters.JUnitReportReporter -->
<testsuite hostname="DESKTOP-UUJJJN0" failures="0" tests="1" name="lab5.Lab8TestNG" time="8.388" errors="0" timestamp="2024-12-08T23:43:16 EST" skipped="0">
  <testcase classname="lab5.Lab8TestNG" name="handleAlert" time="8.388"/>
</testsuite> <!-- lab5.Lab8TestNG -->
