<?xml version="1.0" encoding="UTF-8"?>
<!-- Generated by org.testng.reporters.JUnitReportReporter -->
<testsuite hostname="DESKTOP-UUJJJN0" failures="0" tests="2" name="lab5.Lab7" time="0.017" errors="0" timestamp="2024-12-08T23:23:09 EST" skipped="0">
  <testcase classname="lab5.Lab7" name="showmessage1" time="0.014"/>
  <testcase classname="lab5.Lab7" name="showmessage2" time="0.003"/>
</testsuite> <!-- lab5.Lab7 -->
